This is pdfTeX, Version 3.14159265-2.6-1.40.19 (MiKTeX 2.9.6730 64-bit) (preloaded format=pdflatex 2018.11.14)  2 DEC 2021 16:09
entering extended mode
**./AG_1.tex
(AG_1.tex
LaTeX2e <2018-04-01> patch level 5
("C:\Users\ivanp\AppData\Local\Programs\MiKTeX 2.9\tex\latex\base\article.cls"
Document Class: article 2014/09/29 v1.4h Standard LaTeX document class
("C:\Users\ivanp\AppData\Local\Programs\MiKTeX 2.9\tex\latex\base\size12.clo"
File: size12.clo 2014/09/29 v1.4h Standard LaTeX file (size option)
)
\c@part=\count80
\c@section=\count81
\c@subsection=\count82
\c@subsubsection=\count83
\c@paragraph=\count84
\c@subparagraph=\count85
\c@figure=\count86
\c@table=\count87
\abovecaptionskip=\skip41
\belowcaptionskip=\skip42
\bibindent=\dimen102
)
("C:\Users\ivanp\AppData\Local\Programs\MiKTeX 2.9\tex\latex\graphics\graphicx.
sty"
Package: graphicx 2017/06/01 v1.1a Enhanced LaTeX Graphics (DPC,SPQR)

("C:\Users\ivanp\AppData\Local\Programs\MiKTeX 2.9\tex\latex\graphics\keyval.st
y"
Package: keyval 2014/10/28 v1.15 key=value parser (DPC)
\KV@toks@=\toks14
)
("C:\Users\ivanp\AppData\Local\Programs\MiKTeX 2.9\tex\latex\graphics\graphics.
sty"
Package: graphics 2017/06/25 v1.2c Standard LaTeX Graphics (DPC,SPQR)

("C:\Users\ivanp\AppData\Local\Programs\MiKTeX 2.9\tex\latex\graphics\trig.sty"
Package: trig 2016/01/03 v1.10 sin cos tan (DPC)
)
("C:\Users\ivanp\AppData\Local\Programs\MiKTeX 2.9\tex\latex\graphics-cfg\graph
ics.cfg"
File: graphics.cfg 2016/06/04 v1.11 sample graphics configuration
)
Package graphics Info: Driver file: pdftex.def on input line 99.

("C:\Users\ivanp\AppData\Local\Programs\MiKTeX 2.9\tex\latex\graphics-def\pdfte
x.def"
File: pdftex.def 2018/01/08 v1.0l Graphics/color driver for pdftex
))
\Gin@req@height=\dimen103
\Gin@req@width=\dimen104
)
("C:\Users\ivanp\AppData\Local\Programs\MiKTeX 2.9\tex\latex\emptypage\emptypag
e.sty"
Package: emptypage 2010/05/30 v1.2 Suppress page numbers and headings on empty 
pages
)
("C:\Users\ivanp\AppData\Local\Programs\MiKTeX 2.9\tex\latex\koma-script\scrext
end.sty"
Package: scrextend 2018/03/30 v3.25 KOMA-Script package (extend other classes w
ith features of KOMA-Script classes)

("C:\Users\ivanp\AppData\Local\Programs\MiKTeX 2.9\tex\latex\koma-script\scrkba
se.sty"
Package: scrkbase 2018/03/30 v3.25 KOMA-Script package (KOMA-Script-dependent b
asics and keyval usage)

("C:\Users\ivanp\AppData\Local\Programs\MiKTeX 2.9\tex\latex\koma-script\scrbas
e.sty"
Package: scrbase 2018/03/30 v3.25 KOMA-Script package (KOMA-Script-independent 
basics and keyval usage)

("C:\Users\ivanp\AppData\Local\Programs\MiKTeX 2.9\tex\latex\koma-script\scrlfi
le.sty"
Package: scrlfile 2018/03/30 v3.25 KOMA-Script package (loading files)
))))
("C:\Users\ivanp\AppData\Local\Programs\MiKTeX 2.9\tex\latex\wrapfig\wrapfig.st
y"
\wrapoverhang=\dimen105
\WF@size=\dimen106
\c@WF@wrappedlines=\count88
\WF@box=\box26
\WF@everypar=\toks15
Package: wrapfig 2003/01/31  v 3.6
)
("C:\Users\ivanp\AppData\Local\Programs\MiKTeX 2.9\tex\latex\vmargin\vmargin.st
y"
Package: vmargin 2004/07/15 V2.5 set document margins (VK)

Package: vmargin 2004/07/15 V2.5 set document margins (VK)
\PaperWidth=\dimen107
\PaperHeight=\dimen108
) ("C:\Users\ivanp\AppData\Local\Programs\MiKTeX 2.9\tex\latex\base\inputenc.st
y"
Package: inputenc 2018/04/06 v1.3b Input encoding file
\inpenc@prehook=\toks16
\inpenc@posthook=\toks17
)
("C:\Users\ivanp\AppData\Local\Programs\MiKTeX 2.9\tex\generic\babel\babel.sty"
Package: babel 2018/06/05 3.22 The Babel package
("C:\Users\ivanp\AppData\Local\Programs\MiKTeX 2.9\tex\generic\babel\switch.def
"
File: switch.def 2018/06/05 3.22 Babel switching mechanism
)
*************************************
* Local config file bblopts.cfg used
*
("C:\Users\ivanp\AppData\Local\Programs\MiKTeX 2.9\tex\latex\arabi\bblopts.cfg"
File: bblopts.cfg 2005/09/08 v0.1 add Arabic and Farsi to "declared" options of
 babel
)
("C:\Users\ivanp\AppData\Local\Programs\MiKTeX 2.9\tex\latex\babel-spanish\span
ish.ldf"
Language: spanish.ldf 2016/03/03 v5.0p Spanish support from the babel system

("C:\Users\ivanp\AppData\Local\Programs\MiKTeX 2.9\tex\generic\babel\babel.def"
File: babel.def 2018/06/05 3.22 Babel common definitions
\babel@savecnt=\count89
\U@D=\dimen109

("C:\Users\ivanp\AppData\Local\Programs\MiKTeX 2.9\tex\generic\babel\txtbabel.d
ef")
\bbl@dirlevel=\count90
)
\es@quottoks=\toks18
\es@quotdepth=\count91
Package babel Info: Making " an active character on input line 561.
Package babel Info: Making . an active character on input line 662.
Package babel Info: Making < an active character on input line 707.
Package babel Info: Making > an active character on input line 707.
))
("C:\Users\ivanp\AppData\Local\Programs\MiKTeX 2.9\tex\latex\tools\multicol.sty
"
Package: multicol 2018/04/20 v1.8s multicolumn formatting (FMi)
\c@tracingmulticols=\count92
\mult@box=\box27
\multicol@leftmargin=\dimen110
\c@unbalance=\count93
\c@collectmore=\count94
\doublecol@number=\count95
\multicoltolerance=\count96
\multicolpretolerance=\count97
\full@width=\dimen111
\page@free=\dimen112
\premulticols=\dimen113
\postmulticols=\dimen114
\multicolsep=\skip43
\multicolbaselineskip=\skip44
\partial@page=\box28
\last@line=\box29
\maxbalancingoverflow=\dimen115
\mult@rightbox=\box30
\mult@grightbox=\box31
\mult@gfirstbox=\box32
\mult@firstbox=\box33
\@tempa=\box34
\@tempa=\box35
\@tempa=\box36
\@tempa=\box37
\@tempa=\box38
\@tempa=\box39
\@tempa=\box40
\@tempa=\box41
\@tempa=\box42
\@tempa=\box43
\@tempa=\box44
\@tempa=\box45
\@tempa=\box46
\@tempa=\box47
\@tempa=\box48
\@tempa=\box49
\@tempa=\box50
\c@columnbadness=\count98
\c@finalcolumnbadness=\count99
\last@try=\dimen116
\multicolovershoot=\dimen117
\multicolundershoot=\dimen118
\mult@nat@firstbox=\box51
\colbreak@box=\box52
\mc@col@check@num=\count100
)
("C:\Users\ivanp\AppData\Local\Programs\MiKTeX 2.9\tex\latex\multirow\multirow.
sty"
Package: multirow 2016/11/25 v2.2 Span multiple rows of a table
\multirow@colwidth=\skip45
\multirow@cntb=\count101
\multirow@dima=\skip46
\bigstrutjot=\dimen119
)
("C:\Users\ivanp\AppData\Local\Programs\MiKTeX 2.9\tex\latex\amsmath\amsmath.st
y"
Package: amsmath 2017/09/02 v2.17a AMS math features
\@mathmargin=\skip47

For additional information on amsmath, use the `?' option.

("C:\Users\ivanp\AppData\Local\Programs\MiKTeX 2.9\tex\latex\amsmath\amstext.st
y"
Package: amstext 2000/06/29 v2.01 AMS text

("C:\Users\ivanp\AppData\Local\Programs\MiKTeX 2.9\tex\latex\amsmath\amsgen.sty
"
File: amsgen.sty 1999/11/30 v2.0 generic functions
\@emptytoks=\toks19
\ex@=\dimen120
))
("C:\Users\ivanp\AppData\Local\Programs\MiKTeX 2.9\tex\latex\amsmath\amsbsy.sty
"
Package: amsbsy 1999/11/29 v1.2d Bold Symbols
\pmbraise@=\dimen121
)
("C:\Users\ivanp\AppData\Local\Programs\MiKTeX 2.9\tex\latex\amsmath\amsopn.sty
"
Package: amsopn 2016/03/08 v2.02 operator names
)
\inf@bad=\count102
LaTeX Info: Redefining \frac on input line 213.
\uproot@=\count103
\leftroot@=\count104
LaTeX Info: Redefining \overline on input line 375.
\classnum@=\count105
\DOTSCASE@=\count106
LaTeX Info: Redefining \ldots on input line 472.
LaTeX Info: Redefining \dots on input line 475.
LaTeX Info: Redefining \cdots on input line 596.
\Mathstrutbox@=\box53
\strutbox@=\box54
\big@size=\dimen122
LaTeX Font Info:    Redeclaring font encoding OML on input line 712.
LaTeX Font Info:    Redeclaring font encoding OMS on input line 713.
\macc@depth=\count107
\c@MaxMatrixCols=\count108
\dotsspace@=\muskip10
\c@parentequation=\count109
\dspbrk@lvl=\count110
\tag@help=\toks20
\row@=\count111
\column@=\count112
\maxfields@=\count113
\andhelp@=\toks21
\eqnshift@=\dimen123
\alignsep@=\dimen124
\tagshift@=\dimen125
\tagwidth@=\dimen126
\totwidth@=\dimen127
\lineht@=\dimen128
\@envbody=\toks22
\multlinegap=\skip48
\multlinetaggap=\skip49
\mathdisplay@stack=\toks23
LaTeX Info: Redefining \[ on input line 2817.
LaTeX Info: Redefining \] on input line 2818.
)
("C:\Users\ivanp\AppData\Local\Programs\MiKTeX 2.9\tex\latex\amscls\amsthm.sty"
Package: amsthm 2017/10/31 v2.20.4
\thm@style=\toks24
\thm@bodyfont=\toks25
\thm@headfont=\toks26
\thm@notefont=\toks27
\thm@headpunct=\toks28
\thm@preskip=\skip50
\thm@postskip=\skip51
\thm@headsep=\skip52
\dth@everypar=\toks29
)
("C:\Users\ivanp\AppData\Local\Programs\MiKTeX 2.9\tex\latex\amsfonts\amssymb.s
ty"
Package: amssymb 2013/01/14 v3.01 AMS font symbols

("C:\Users\ivanp\AppData\Local\Programs\MiKTeX 2.9\tex\latex\amsfonts\amsfonts.
sty"
Package: amsfonts 2013/01/14 v3.01 Basic AMSFonts support
\symAMSa=\mathgroup4
\symAMSb=\mathgroup5
LaTeX Font Info:    Overwriting math alphabet `\mathfrak' in version `bold'
(Font)                  U/euf/m/n --> U/euf/b/n on input line 106.
))
("C:\Users\ivanp\AppData\Local\Programs\MiKTeX 2.9\tex\latex\graphics\color.sty
"
Package: color 2016/07/10 v1.1e Standard LaTeX Color (DPC)

("C:\Users\ivanp\AppData\Local\Programs\MiKTeX 2.9\tex\latex\graphics-cfg\color
.cfg"
File: color.cfg 2016/01/02 v1.6 sample color configuration
)
Package color Info: Driver file: pdftex.def on input line 147.
)
("C:\Users\ivanp\AppData\Local\Programs\MiKTeX 2.9\tex\latex\jknappen\mathrsfs.
sty"
Package: mathrsfs 1996/01/01 Math RSFS package v1.0 (jk)
\symrsfs=\mathgroup6
)
("C:\Users\ivanp\AppData\Local\Programs\MiKTeX 2.9\tex\latex\hyperref\hyperref.
sty"
Package: hyperref 2018/02/06 v6.86b Hypertext links for LaTeX

("C:\Users\ivanp\AppData\Local\Programs\MiKTeX 2.9\tex\generic\oberdiek\hobsub-
hyperref.sty"
Package: hobsub-hyperref 2016/05/16 v1.14 Bundle oberdiek, subset hyperref (HO)


("C:\Users\ivanp\AppData\Local\Programs\MiKTeX 2.9\tex\generic\oberdiek\hobsub-
generic.sty"
Package: hobsub-generic 2016/05/16 v1.14 Bundle oberdiek, subset generic (HO)
Package: hobsub 2016/05/16 v1.14 Construct package bundles (HO)
Package: infwarerr 2016/05/16 v1.4 Providing info/warning/error messages (HO)
Package: ltxcmds 2016/05/16 v1.23 LaTeX kernel commands for general use (HO)
Package: ifluatex 2016/05/16 v1.4 Provides the ifluatex switch (HO)
Package ifluatex Info: LuaTeX not detected.
Package: ifvtex 2016/05/16 v1.6 Detect VTeX and its facilities (HO)
Package ifvtex Info: VTeX not detected.
Package: intcalc 2016/05/16 v1.2 Expandable calculations with integers (HO)
Package: ifpdf 2017/03/15 v3.2 Provides the ifpdf switch
Package: etexcmds 2016/05/16 v1.6 Avoid name clashes with e-TeX commands (HO)
Package etexcmds Info: Could not find \expanded.
(etexcmds)             That can mean that you are not using pdfTeX 1.50 or
(etexcmds)             that some package has redefined \expanded.
(etexcmds)             In the latter case, load this package earlier.
Package: kvsetkeys 2016/05/16 v1.17 Key value parser (HO)
Package: kvdefinekeys 2016/05/16 v1.4 Define keys (HO)
Package: pdftexcmds 2018/01/30 v0.27 Utility functions of pdfTeX for LuaTeX (HO
)
Package pdftexcmds Info: LuaTeX not detected.
Package pdftexcmds Info: \pdf@primitive is available.
Package pdftexcmds Info: \pdf@ifprimitive is available.
Package pdftexcmds Info: \pdfdraftmode found.
Package: pdfescape 2016/05/16 v1.14 Implements pdfTeX's escape features (HO)
Package: bigintcalc 2016/05/16 v1.4 Expandable calculations on big integers (HO
)
Package: bitset 2016/05/16 v1.2 Handle bit-vector datatype (HO)
Package: uniquecounter 2016/05/16 v1.3 Provide unlimited unique counter (HO)
)
Package hobsub Info: Skipping package `hobsub' (already loaded).
Package: letltxmacro 2016/05/16 v1.5 Let assignment for LaTeX macros (HO)
Package: hopatch 2016/05/16 v1.3 Wrapper for package hooks (HO)
Package: xcolor-patch 2016/05/16 xcolor patch
Package: atveryend 2016/05/16 v1.9 Hooks at the very end of document (HO)
Package atveryend Info: \enddocument detected (standard20110627).
Package: atbegshi 2016/06/09 v1.18 At begin shipout hook (HO)
Package: refcount 2016/05/16 v3.5 Data extraction from label references (HO)
Package: hycolor 2016/05/16 v1.8 Color options for hyperref/bookmark (HO)
)
("C:\Users\ivanp\AppData\Local\Programs\MiKTeX 2.9\tex\generic\ifxetex\ifxetex.
sty"
Package: ifxetex 2010/09/12 v0.6 Provides ifxetex conditional
)
("C:\Users\ivanp\AppData\Local\Programs\MiKTeX 2.9\tex\latex\oberdiek\auxhook.s
ty"
Package: auxhook 2016/05/16 v1.4 Hooks for auxiliary files (HO)
)
("C:\Users\ivanp\AppData\Local\Programs\MiKTeX 2.9\tex\latex\oberdiek\kvoptions
.sty"
Package: kvoptions 2016/05/16 v3.12 Key value format for package options (HO)
)
\@linkdim=\dimen129
\Hy@linkcounter=\count114
\Hy@pagecounter=\count115

("C:\Users\ivanp\AppData\Local\Programs\MiKTeX 2.9\tex\latex\hyperref\pd1enc.de
f"
File: pd1enc.def 2018/02/06 v6.86b Hyperref: PDFDocEncoding definition (HO)
Now handling font encoding PD1 ...
... no UTF-8 mapping file for font encoding PD1
)
\Hy@SavedSpaceFactor=\count116

("C:\Users\ivanp\AppData\Local\Programs\MiKTeX 2.9\tex\latex\00miktex\hyperref.
cfg"
File: hyperref.cfg 2002/06/06 v1.2 hyperref configuration of TeXLive
)
Package hyperref Info: Hyper figures OFF on input line 4509.
Package hyperref Info: Link nesting OFF on input line 4514.
Package hyperref Info: Hyper index ON on input line 4517.
Package hyperref Info: Plain pages OFF on input line 4524.
Package hyperref Info: Backreferencing OFF on input line 4529.
Package hyperref Info: Implicit mode ON; LaTeX internals redefined.
Package hyperref Info: Bookmarks ON on input line 4762.
\c@Hy@tempcnt=\count117
 ("C:\Users\ivanp\AppData\Local\Programs\MiKTeX 2.9\tex\latex\url\url.sty"
\Urlmuskip=\muskip11
Package: url 2013/09/16  ver 3.4  Verb mode for urls, etc.
)
LaTeX Info: Redefining \url on input line 5115.
\XeTeXLinkMargin=\dimen130
\Fld@menulength=\count118
\Field@Width=\dimen131
\Fld@charsize=\dimen132
Package hyperref Info: Hyper figures OFF on input line 6369.
Package hyperref Info: Link nesting OFF on input line 6374.
Package hyperref Info: Hyper index ON on input line 6377.
Package hyperref Info: backreferencing OFF on input line 6384.
Package hyperref Info: Link coloring OFF on input line 6389.
Package hyperref Info: Link coloring with OCG OFF on input line 6394.
Package hyperref Info: PDF/A mode OFF on input line 6399.
LaTeX Info: Redefining \ref on input line 6439.
LaTeX Info: Redefining \pageref on input line 6443.
\Hy@abspage=\count119
\c@Item=\count120
\c@Hfootnote=\count121
)
Package hyperref Info: Driver (autodetected): hpdftex.

("C:\Users\ivanp\AppData\Local\Programs\MiKTeX 2.9\tex\latex\hyperref\hpdftex.d
ef"
File: hpdftex.def 2018/02/06 v6.86b Hyperref driver for pdfTeX
\Fld@listcount=\count122
\c@bookmark@seq@number=\count123

("C:\Users\ivanp\AppData\Local\Programs\MiKTeX 2.9\tex\latex\oberdiek\rerunfile
check.sty"
Package: rerunfilecheck 2016/05/16 v1.8 Rerun checks for auxiliary files (HO)
Package uniquecounter Info: New unique counter `rerunfilecheck' on input line 2
82.
)
\Hy@SectionHShift=\skip53
)
("C:\Users\ivanp\AppData\Local\Programs\MiKTeX 2.9\tex\latex\float\float.sty"
Package: float 2001/11/08 v1.3d Float enhancements (AL)
\c@float@type=\count124
\float@exts=\toks30
\float@box=\box55
\@float@everytoks=\toks31
\@floatcapt=\box56
)
("C:\Users\ivanp\AppData\Local\Programs\MiKTeX 2.9\tex\latex\tools\dcolumn.sty"
Package: dcolumn 2014/10/28 v1.06 decimal alignment package (DPC)
("C:\Users\ivanp\AppData\Local\Programs\MiKTeX 2.9\tex\latex\tools\array.sty"
Package: array 2018/04/30 v2.4h Tabular extension package (FMi)
\col@sep=\dimen133
\ar@mcellbox=\box57
\extrarowheight=\dimen134
\NC@list=\toks32
\extratabsurround=\skip54
\backup@length=\skip55
\ar@cellbox=\box58
)) ("C:\Users\ivanp\AppData\Local\Programs\MiKTeX 2.9\tex\latex\tools\bm.sty"
Package: bm 2017/01/16 v1.2c Bold Symbol Support (DPC/FMi)
\symboldoperators=\mathgroup7
\symboldletters=\mathgroup8
\symboldsymbols=\mathgroup9
LaTeX Font Info:    Redeclaring math alphabet \mathbf on input line 141.
LaTeX Info: Redefining \bm on input line 207.
)
("C:\Users\ivanp\AppData\Local\Programs\MiKTeX 2.9\tex\latex\caption\subcaption
.sty"
Package: subcaption 2020/10/07 v1.3j Sub-captions (AR)

("C:\Users\ivanp\AppData\Local\Programs\MiKTeX 2.9\tex\latex\caption\caption.st
y"
Package: caption 2020/10/26 v3.5g Customizing captions (AR)

("C:\Users\ivanp\AppData\Local\Programs\MiKTeX 2.9\tex\latex\caption\caption3.s
ty"
Package: caption3 2020/10/21 v2.2e caption3 kernel (AR)
\captionmargin=\dimen135
\captionmargin@=\dimen136
\captionwidth=\dimen137
\caption@tempdima=\dimen138
\caption@indent=\dimen139
\caption@parindent=\dimen140
\caption@hangindent=\dimen141
Package caption Info: Standard document class detected.
)
\c@caption@flags=\count125
\c@continuedfloat=\count126
Package caption Info: float package is loaded.
Package caption Info: hyperref package is loaded.
Package caption Info: wrapfig package is loaded.
)
\c@subfigure=\count127
\c@subtable=\count128
)
("C:\Users\ivanp\AppData\Local\Programs\MiKTeX 2.9\tex\latex\setspace\setspace.
sty"
Package: setspace 2011/12/19 v6.7a set line spacing
)
("C:\Users\ivanp\AppData\Local\Programs\MiKTeX 2.9\tex\latex\was\gensymb.sty"
Package: gensymb 2003/07/02 v1.0 (WaS)
)
(AG_1.aux
LaTeX Info: Redefining \. on input line 24.
LaTeX Info: Redefining \% on input line 24.
)
\openout1 = `AG_1.aux'.

LaTeX Font Info:    Checking defaults for OML/cmm/m/it on input line 23.
LaTeX Font Info:    ... okay on input line 23.
LaTeX Font Info:    Checking defaults for T1/cmr/m/n on input line 23.
LaTeX Font Info:    ... okay on input line 23.
LaTeX Font Info:    Checking defaults for OT1/cmr/m/n on input line 23.
LaTeX Font Info:    ... okay on input line 23.
LaTeX Font Info:    Checking defaults for OMS/cmsy/m/n on input line 23.
LaTeX Font Info:    ... okay on input line 23.
LaTeX Font Info:    Checking defaults for OMX/cmex/m/n on input line 23.
LaTeX Font Info:    ... okay on input line 23.
LaTeX Font Info:    Checking defaults for U/cmr/m/n on input line 23.
LaTeX Font Info:    ... okay on input line 23.
LaTeX Font Info:    Checking defaults for PD1/pdf/m/n on input line 23.
LaTeX Font Info:    ... okay on input line 23.

("C:\Users\ivanp\AppData\Local\Programs\MiKTeX 2.9\tex\context\base\supp-pdf.mk
ii"
[Loading MPS to PDF converter (version 2006.09.02).]
\scratchcounter=\count129
\scratchdimen=\dimen142
\scratchbox=\box59
\nofMPsegments=\count130
\nofMParguments=\count131
\everyMPshowfont=\toks33
\MPscratchCnt=\count132
\MPscratchDim=\dimen143
\MPnumerator=\count133
\makeMPintoPDFobject=\count134
\everyMPtoPDFconversion=\toks34
)
("C:\Users\ivanp\AppData\Local\Programs\MiKTeX 2.9\tex\latex\oberdiek\epstopdf-
base.sty"
Package: epstopdf-base 2016/05/15 v2.6 Base part for package epstopdf

("C:\Users\ivanp\AppData\Local\Programs\MiKTeX 2.9\tex\latex\oberdiek\grfext.st
y"
Package: grfext 2016/05/16 v1.2 Manage graphics extensions (HO)
)
Package epstopdf-base Info: Redefining graphics rule for `.eps' on input line 4
38.
Package grfext Info: Graphics extension search list:
(grfext)             [.pdf,.png,.jpg,.mps,.jpeg,.jbig2,.jb2,.PDF,.PNG,.JPG,.JPE
G,.JBIG2,.JB2,.eps]
(grfext)             \AppendGraphicsExtensions on input line 456.
)
LaTeX Info: Redefining \. on input line 23.
LaTeX Info: Redefining \% on input line 23.
\AtBeginShipoutBox=\box60
Package hyperref Info: Link coloring OFF on input line 23.

("C:\Users\ivanp\AppData\Local\Programs\MiKTeX 2.9\tex\latex\hyperref\nameref.s
ty"
Package: nameref 2016/05/21 v2.44 Cross-referencing by name of section

("C:\Users\ivanp\AppData\Local\Programs\MiKTeX 2.9\tex\generic\oberdiek\gettitl
estring.sty"
Package: gettitlestring 2016/05/16 v1.5 Cleanup title references (HO)
)
\c@section@level=\count135
)
LaTeX Info: Redefining \ref on input line 23.
LaTeX Info: Redefining \pageref on input line 23.
LaTeX Info: Redefining \nameref on input line 23.
 (AG_1.out) (AG_1.out)
\@outlinefile=\write3
\openout3 = `AG_1.out'.

Package caption Info: Begin \AtBeginDocument code.
Package caption Info: End \AtBeginDocument code.
LaTeX Info: Redefining \celsius on input line 23.
Package gensymb Info: Faking symbols for \degree and \celsius on input line 23.



Package gensymb Warning: Not defining \perthousand.

LaTeX Info: Redefining \ohm on input line 23.
Package gensymb Info: Using \Omega for \ohm on input line 23.

Package gensymb Warning: Not defining \micro.


LaTeX Font Warning: Font shape `OT1/cmr/m/n' in size <18> not available
(Font)              size <17.28> substituted on input line 33.

<viulogo.png, id=3, 359.3425pt x 141.52875pt>
File: viulogo.png Graphic file (type png)
<use viulogo.png>
Package pdftex.def Info: viulogo.png  used on input line 34.
(pdftex.def)             Requested size: 179.6708pt x 70.76419pt.

LaTeX Font Warning: Font shape `OT1/cmr/m/n' in size <21.59995> not available
(Font)              size <20.74> substituted on input line 37.


LaTeX Font Warning: Font shape `OT1/cmr/bx/n' in size <21.59995> not available
(Font)              size <20.74> substituted on input line 41.


Underfull \hbox (badness 10000) in paragraph at lines 57--59

 []

LaTeX Font Info:    Calculating math sizes for size <18> on input line 59.

LaTeX Font Warning: Font shape `OT1/cmr/m/n' in size <12.59995> not available
(Font)              size <12> substituted on input line 59.


LaTeX Font Warning: Font shape `OML/cmm/m/it' in size <18> not available
(Font)              size <17.28> substituted on input line 59.


LaTeX Font Warning: Font shape `OML/cmm/m/it' in size <12.59995> not available
(Font)              size <12> substituted on input line 59.


LaTeX Font Warning: Font shape `OMS/cmsy/m/n' in size <18> not available
(Font)              size <17.28> substituted on input line 59.


LaTeX Font Warning: Font shape `OMS/cmsy/m/n' in size <12.59995> not available
(Font)              size <12> substituted on input line 59.

LaTeX Font Info:    Try loading font information for U+msa on input line 59.
("C:\Users\ivanp\AppData\Local\Programs\MiKTeX 2.9\tex\latex\amsfonts\umsa.fd"
File: umsa.fd 2013/01/14 v3.01 AMS symbols A
)
LaTeX Font Info:    Try loading font information for U+msb on input line 59.
("C:\Users\ivanp\AppData\Local\Programs\MiKTeX 2.9\tex\latex\amsfonts\umsb.fd"
File: umsb.fd 2013/01/14 v3.01 AMS symbols B
)
LaTeX Font Info:    Try loading font information for U+rsfs on input line 59.
("C:\Users\ivanp\AppData\Local\Programs\MiKTeX 2.9\tex\latex\jknappen\ursfs.fd"
File: ursfs.fd 1998/03/24 rsfs font definition file (jk)
)

LaTeX Font Warning: Font shape `U/rsfs/m/n' in size <18> not available
(Font)              size <17.28> substituted on input line 59.


LaTeX Font Warning: Font shape `U/rsfs/m/n' in size <12.59995> not available
(Font)              size <12> substituted on input line 59.


LaTeX Font Warning: Font shape `OT1/cmr/bx/n' in size <18> not available
(Font)              size <17.28> substituted on input line 59.


LaTeX Font Warning: Font shape `OT1/cmr/bx/n' in size <12.59995> not available
(Font)              size <12> substituted on input line 59.


LaTeX Font Warning: Font shape `OML/cmm/b/it' in size <18> not available
(Font)              size <17.28> substituted on input line 59.


LaTeX Font Warning: Font shape `OML/cmm/b/it' in size <12.59995> not available
(Font)              size <12> substituted on input line 59.


LaTeX Font Warning: Font shape `OMS/cmsy/b/n' in size <18> not available
(Font)              size <17.28> substituted on input line 59.


LaTeX Font Warning: Font shape `OMS/cmsy/b/n' in size <12.59995> not available
(Font)              size <12> substituted on input line 59.


Overfull \hbox (15.77187pt too wide) in paragraph at lines 62--64
\OT1/cmr/m/n/17.28 ivanpg05@gmail.com 
 []


Underfull \hbox (badness 10000) in paragraph at lines 62--64

 []

Package babel Info: Redefining spanish shorthand <<
(babel)             in language  on input line 71.
Package babel Info: Redefining spanish shorthand >>
(babel)             in language  on input line 71.
Package babel Info: Redefining spanish shorthand "=
(babel)             in language  on input line 71.
Package babel Info: Redefining spanish shorthand "~
(babel)             in language  on input line 71.
Package babel Info: Redefining spanish shorthand "!
(babel)             in language  on input line 71.
Package babel Info: Redefining spanish shorthand "?
(babel)             in language  on input line 71.
Package babel Info: Redefining spanish shorthand <<
(babel)             in language  on input line 71.
Package babel Info: Redefining spanish shorthand >>
(babel)             in language  on input line 71.
Package babel Info: Redefining spanish shorthand "=
(babel)             in language  on input line 71.
Package babel Info: Redefining spanish shorthand "~
(babel)             in language  on input line 71.
Package babel Info: Redefining spanish shorthand "!
(babel)             in language  on input line 71.
Package babel Info: Redefining spanish shorthand "?
(babel)             in language  on input line 71.
[1

{C:/Users/ivanp/AppData/Local/MiKTeX/2.9/pdftex/config/pdftex.map} <./viulogo.p
ng>]
<Ej_1.png, id=12, 331.83975pt x 237.2865pt>
File: Ej_1.png Graphic file (type png)
<use Ej_1.png>
Package pdftex.def Info: Ej_1.png  used on input line 78.
(pdftex.def)             Requested size: 248.8792pt x 177.96442pt.

Underfull \hbox (badness 10000) in paragraph at lines 72--80

 []


Underfull \hbox (badness 10000) in paragraph at lines 72--80

 []

<Polaris.png, id=13, 563.10374pt x 389.65575pt>
File: Polaris.png Graphic file (type png)
<use Polaris.png>
Package pdftex.def Info: Polaris.png  used on input line 84.
(pdftex.def)             Requested size: 281.55118pt x 194.8274pt.
<HR5563.png, id=14, 528.17325pt x 328.8285pt>
File: HR5563.png Graphic file (type png)
<use HR5563.png>
Package pdftex.def Info: HR5563.png  used on input line 91.
(pdftex.def)             Requested size: 290.49617pt x 180.85623pt.
<HR3751.png, id=15, 328.22626pt x 284.86424pt>
File: HR3751.png Graphic file (type png)
<use HR3751.png>
Package pdftex.def Info: HR3751.png  used on input line 93.
(pdftex.def)             Requested size: 190.37135pt x 165.22137pt.
<HR285.png, id=16, 364.9635pt x 300.52275pt>
File: HR285.png Graphic file (type png)
<use HR285.png>
Package pdftex.def Info: HR285.png  used on input line 95.
(pdftex.def)             Requested size: 211.67897pt x 174.3033pt.

Underfull \hbox (badness 10000) in paragraph at lines 87--97

 []

Package babel Info: Redefining spanish shorthand <<
(babel)             in language  on input line 97.
Package babel Info: Redefining spanish shorthand >>
(babel)             in language  on input line 97.
Package babel Info: Redefining spanish shorthand "=
(babel)             in language  on input line 97.
Package babel Info: Redefining spanish shorthand "~
(babel)             in language  on input line 97.
Package babel Info: Redefining spanish shorthand "!
(babel)             in language  on input line 97.
Package babel Info: Redefining spanish shorthand "?
(babel)             in language  on input line 97.
Package babel Info: Redefining spanish shorthand <<
(babel)             in language  on input line 97.
Package babel Info: Redefining spanish shorthand >>
(babel)             in language  on input line 97.
Package babel Info: Redefining spanish shorthand "=
(babel)             in language  on input line 97.
Package babel Info: Redefining spanish shorthand "~
(babel)             in language  on input line 97.
Package babel Info: Redefining spanish shorthand "!
(babel)             in language  on input line 97.
Package babel Info: Redefining spanish shorthand "?
(babel)             in language  on input line 97.
pdfTeX warning (ext4): destination with the same identifier (name{page.1}) has 
been already used, duplicate ignored
<to be read again> 
                   \relax 
l.97 \end{figure}
                  [1 <./Ej_1.png> <./Polaris.png>]
Underfull \hbox (badness 10000) in paragraph at lines 98--115

 []

Package babel Info: Redefining spanish shorthand <<
(babel)             in language  on input line 115.
Package babel Info: Redefining spanish shorthand >>
(babel)             in language  on input line 115.
Package babel Info: Redefining spanish shorthand "=
(babel)             in language  on input line 115.
Package babel Info: Redefining spanish shorthand "~
(babel)             in language  on input line 115.
Package babel Info: Redefining spanish shorthand "!
(babel)             in language  on input line 115.
Package babel Info: Redefining spanish shorthand "?
(babel)             in language  on input line 115.
Package babel Info: Redefining spanish shorthand <<
(babel)             in language  on input line 115.
Package babel Info: Redefining spanish shorthand >>
(babel)             in language  on input line 115.
Package babel Info: Redefining spanish shorthand "=
(babel)             in language  on input line 115.
Package babel Info: Redefining spanish shorthand "~
(babel)             in language  on input line 115.
Package babel Info: Redefining spanish shorthand "!
(babel)             in language  on input line 115.
Package babel Info: Redefining spanish shorthand "?
(babel)             in language  on input line 115.
[2 <./HR5563.png> <./HR3751.png> <./HR285.png>]
<Ej_4_1.png, id=30, 1156.32pt x 632.96475pt>
File: Ej_4_1.png Graphic file (type png)
<use Ej_4_1.png>
Package pdftex.def Info: Ej_4_1.png  used on input line 121.
(pdftex.def)             Requested size: 462.5198pt x 253.18141pt.

Overfull \hbox (35.08827pt too wide) in paragraph at lines 121--122
 [][] 
 []

<Ej_4_2.png, id=31, 1156.32pt x 632.96475pt>
File: Ej_4_2.png Graphic file (type png)
<use Ej_4_2.png>
Package pdftex.def Info: Ej_4_2.png  used on input line 124.
(pdftex.def)             Requested size: 462.5198pt x 253.18141pt.

Overfull \hbox (35.08827pt too wide) in paragraph at lines 124--125
 [][] 
 []


Underfull \hbox (badness 10000) in paragraph at lines 116--126

 []


Underfull \hbox (badness 10000) in paragraph at lines 116--126

 []

Package babel Info: Redefining spanish shorthand <<
(babel)             in language  on input line 128.
Package babel Info: Redefining spanish shorthand >>
(babel)             in language  on input line 128.
Package babel Info: Redefining spanish shorthand "=
(babel)             in language  on input line 128.
Package babel Info: Redefining spanish shorthand "~
(babel)             in language  on input line 128.
Package babel Info: Redefining spanish shorthand "!
(babel)             in language  on input line 128.
Package babel Info: Redefining spanish shorthand "?
(babel)             in language  on input line 128.
Package babel Info: Redefining spanish shorthand <<
(babel)             in language  on input line 128.
Package babel Info: Redefining spanish shorthand >>
(babel)             in language  on input line 128.
Package babel Info: Redefining spanish shorthand "=
(babel)             in language  on input line 128.
Package babel Info: Redefining spanish shorthand "~
(babel)             in language  on input line 128.
Package babel Info: Redefining spanish shorthand "!
(babel)             in language  on input line 128.
Package babel Info: Redefining spanish shorthand "?
(babel)             in language  on input line 128.
[3]
<Eclipse.png, id=37, 1156.32pt x 632.96475pt>
File: Eclipse.png Graphic file (type png)
<use Eclipse.png>
Package pdftex.def Info: Eclipse.png  used on input line 132.
(pdftex.def)             Requested size: 462.5198pt x 253.18141pt.

Overfull \hbox (35.08827pt too wide) in paragraph at lines 132--133
 [][] 
 []


Underfull \hbox (badness 10000) in paragraph at lines 128--134

 []

Package babel Info: Redefining spanish shorthand <<
(babel)             in language  on input line 134.
Package babel Info: Redefining spanish shorthand >>
(babel)             in language  on input line 134.
Package babel Info: Redefining spanish shorthand "=
(babel)             in language  on input line 134.
Package babel Info: Redefining spanish shorthand "~
(babel)             in language  on input line 134.
Package babel Info: Redefining spanish shorthand "!
(babel)             in language  on input line 134.
Package babel Info: Redefining spanish shorthand "?
(babel)             in language  on input line 134.
Package babel Info: Redefining spanish shorthand <<
(babel)             in language  on input line 134.
Package babel Info: Redefining spanish shorthand >>
(babel)             in language  on input line 134.
Package babel Info: Redefining spanish shorthand "=
(babel)             in language  on input line 134.
Package babel Info: Redefining spanish shorthand "~
(babel)             in language  on input line 134.
Package babel Info: Redefining spanish shorthand "!
(babel)             in language  on input line 134.
Package babel Info: Redefining spanish shorthand "?
(babel)             in language  on input line 134.
[4 <./Ej_4_1.png (PNG copy)> <./Ej_4_2.png (PNG copy)>]
<Eclipse2.png, id=43, 1156.32pt x 632.96475pt>
File: Eclipse2.png Graphic file (type png)
<use Eclipse2.png>
Package pdftex.def Info: Eclipse2.png  used on input line 138.
(pdftex.def)             Requested size: 462.5198pt x 253.18141pt.

Overfull \hbox (35.08827pt too wide) in paragraph at lines 138--139
 [][] 
 []

<analema.png, id=44, 1156.32pt x 632.96475pt>
File: analema.png Graphic file (type png)
<use analema.png>
Package pdftex.def Info: analema.png  used on input line 145.
(pdftex.def)             Requested size: 346.89868pt x 189.89088pt.

Underfull \hbox (badness 10000) in paragraph at lines 141--147

 []

Package babel Info: Redefining spanish shorthand <<
(babel)             in language  on input line 147.
Package babel Info: Redefining spanish shorthand >>
(babel)             in language  on input line 147.
Package babel Info: Redefining spanish shorthand "=
(babel)             in language  on input line 147.
Package babel Info: Redefining spanish shorthand "~
(babel)             in language  on input line 147.
Package babel Info: Redefining spanish shorthand "!
(babel)             in language  on input line 147.
Package babel Info: Redefining spanish shorthand "?
(babel)             in language  on input line 147.
Package babel Info: Redefining spanish shorthand <<
(babel)             in language  on input line 147.
Package babel Info: Redefining spanish shorthand >>
(babel)             in language  on input line 147.
Package babel Info: Redefining spanish shorthand "=
(babel)             in language  on input line 147.
Package babel Info: Redefining spanish shorthand "~
(babel)             in language  on input line 147.
Package babel Info: Redefining spanish shorthand "!
(babel)             in language  on input line 147.
Package babel Info: Redefining spanish shorthand "?
(babel)             in language  on input line 147.
[5 <./Eclipse.png (PNG copy)> <./Eclipse2.png (PNG copy)>]
<excel.png, id=51, 361.788pt x 217.248pt>
File: excel.png Graphic file (type png)
<use excel.png>
Package pdftex.def Info: excel.png  used on input line 151.
(pdftex.def)             Requested size: 361.7871pt x 217.24747pt.
Package babel Info: Redefining spanish shorthand <<
(babel)             in language  on input line 154.
Package babel Info: Redefining spanish shorthand >>
(babel)             in language  on input line 154.
Package babel Info: Redefining spanish shorthand "=
(babel)             in language  on input line 154.
Package babel Info: Redefining spanish shorthand "~
(babel)             in language  on input line 154.
Package babel Info: Redefining spanish shorthand "!
(babel)             in language  on input line 154.
Package babel Info: Redefining spanish shorthand "?
(babel)             in language  on input line 154.
Package babel Info: Redefining spanish shorthand <<
(babel)             in language  on input line 154.
Package babel Info: Redefining spanish shorthand >>
(babel)             in language  on input line 154.
Package babel Info: Redefining spanish shorthand "=
(babel)             in language  on input line 154.
Package babel Info: Redefining spanish shorthand "~
(babel)             in language  on input line 154.
Package babel Info: Redefining spanish shorthand "!
(babel)             in language  on input line 154.
Package babel Info: Redefining spanish shorthand "?
(babel)             in language  on input line 154.
 [6 <./analema.png (PNG copy)> <./excel.png>]
<sol1.png, id=61, 1156.32pt x 632.96475pt>
File: sol1.png Graphic file (type png)
<use sol1.png>
Package pdftex.def Info: sol1.png  used on input line 159.
(pdftex.def)             Requested size: 462.5198pt x 253.18141pt.

Overfull \hbox (35.08827pt too wide) in paragraph at lines 159--160
 [][] 
 []

<sol2.png, id=62, 1156.32pt x 632.96475pt>
File: sol2.png Graphic file (type png)
<use sol2.png>
Package pdftex.def Info: sol2.png  used on input line 162.
(pdftex.def)             Requested size: 462.5198pt x 253.18141pt.

Overfull \hbox (35.08827pt too wide) in paragraph at lines 162--163
 [][] 
 []


Underfull \hbox (badness 10000) in paragraph at lines 155--164

 []

Package babel Info: Redefining spanish shorthand <<
(babel)             in language  on input line 165.
Package babel Info: Redefining spanish shorthand >>
(babel)             in language  on input line 165.
Package babel Info: Redefining spanish shorthand "=
(babel)             in language  on input line 165.
Package babel Info: Redefining spanish shorthand "~
(babel)             in language  on input line 165.
Package babel Info: Redefining spanish shorthand "!
(babel)             in language  on input line 165.
Package babel Info: Redefining spanish shorthand "?
(babel)             in language  on input line 165.
Package babel Info: Redefining spanish shorthand <<
(babel)             in language  on input line 165.
Package babel Info: Redefining spanish shorthand >>
(babel)             in language  on input line 165.
Package babel Info: Redefining spanish shorthand "=
(babel)             in language  on input line 165.
Package babel Info: Redefining spanish shorthand "~
(babel)             in language  on input line 165.
Package babel Info: Redefining spanish shorthand "!
(babel)             in language  on input line 165.
Package babel Info: Redefining spanish shorthand "?
(babel)             in language  on input line 165.
[7]
<Ej81.png, id=67, 1156.32pt x 632.96475pt>
File: Ej81.png Graphic file (type png)
<use Ej81.png>
Package pdftex.def Info: Ej81.png  used on input line 169.
(pdftex.def)             Requested size: 462.5198pt x 253.18141pt.

Overfull \hbox (35.08827pt too wide) in paragraph at lines 169--170
 [][] 
 []

<Ej82.png, id=68, 1156.32pt x 632.96475pt>
File: Ej82.png Graphic file (type png)
<use Ej82.png>
Package pdftex.def Info: Ej82.png  used on input line 172.
(pdftex.def)             Requested size: 462.5198pt x 253.18141pt.

Overfull \hbox (35.08827pt too wide) in paragraph at lines 172--173
 [][] 
 []


Underfull \hbox (badness 10000) in paragraph at lines 165--174

 []

Package babel Info: Redefining spanish shorthand <<
(babel)             in language  on input line 174.
Package babel Info: Redefining spanish shorthand >>
(babel)             in language  on input line 174.
Package babel Info: Redefining spanish shorthand "=
(babel)             in language  on input line 174.
Package babel Info: Redefining spanish shorthand "~
(babel)             in language  on input line 174.
Package babel Info: Redefining spanish shorthand "!
(babel)             in language  on input line 174.
Package babel Info: Redefining spanish shorthand "?
(babel)             in language  on input line 174.
Package babel Info: Redefining spanish shorthand <<
(babel)             in language  on input line 174.
Package babel Info: Redefining spanish shorthand >>
(babel)             in language  on input line 174.
Package babel Info: Redefining spanish shorthand "=
(babel)             in language  on input line 174.
Package babel Info: Redefining spanish shorthand "~
(babel)             in language  on input line 174.
Package babel Info: Redefining spanish shorthand "!
(babel)             in language  on input line 174.
Package babel Info: Redefining spanish shorthand "?
(babel)             in language  on input line 174.
[8 <./sol1.png (PNG copy)> <./sol2.png (PNG copy)>]
<pol.png, id=74, 1156.32pt x 650.43pt>
File: pol.png Graphic file (type png)
<use pol.png>
Package pdftex.def Info: pol.png  used on input line 178.
(pdftex.def)             Requested size: 462.5198pt x 260.16739pt.

Overfull \hbox (35.08827pt too wide) in paragraph at lines 178--179
 [][] 
 []

Package babel Info: Redefining spanish shorthand <<
(babel)             in language  on input line 180.
Package babel Info: Redefining spanish shorthand >>
(babel)             in language  on input line 180.
Package babel Info: Redefining spanish shorthand "=
(babel)             in language  on input line 180.
Package babel Info: Redefining spanish shorthand "~
(babel)             in language  on input line 180.
Package babel Info: Redefining spanish shorthand "!
(babel)             in language  on input line 180.
Package babel Info: Redefining spanish shorthand "?
(babel)             in language  on input line 180.
Package babel Info: Redefining spanish shorthand <<
(babel)             in language  on input line 180.
Package babel Info: Redefining spanish shorthand >>
(babel)             in language  on input line 180.
Package babel Info: Redefining spanish shorthand "=
(babel)             in language  on input line 180.
Package babel Info: Redefining spanish shorthand "~
(babel)             in language  on input line 180.
Package babel Info: Redefining spanish shorthand "!
(babel)             in language  on input line 180.
Package babel Info: Redefining spanish shorthand "?
(babel)             in language  on input line 180.
[9 <./Ej81.png (PNG copy)> <./Ej82.png (PNG copy)>]
<M31.png, id=80, 1156.32pt x 650.43pt>
File: M31.png Graphic file (type png)
<use M31.png>
Package pdftex.def Info: M31.png  used on input line 188.
(pdftex.def)             Requested size: 462.5198pt x 260.16739pt.

Overfull \hbox (35.08827pt too wide) in paragraph at lines 188--189
 [][] 
 []

<M51.png, id=81, 1156.32pt x 650.43pt>
File: M51.png Graphic file (type png)
<use M51.png>
Package pdftex.def Info: M51.png  used on input line 191.
(pdftex.def)             Requested size: 462.5198pt x 260.16739pt.

Overfull \hbox (35.08827pt too wide) in paragraph at lines 191--192
 [][] 
 []


Underfull \hbox (badness 10000) in paragraph at lines 181--193

 []


Underfull \hbox (badness 10000) in paragraph at lines 181--193

 []


Underfull \hbox (badness 10000) in paragraph at lines 181--193

 []

Package babel Info: Redefining spanish shorthand <<
(babel)             in language  on input line 193.
Package babel Info: Redefining spanish shorthand >>
(babel)             in language  on input line 193.
Package babel Info: Redefining spanish shorthand "=
(babel)             in language  on input line 193.
Package babel Info: Redefining spanish shorthand "~
(babel)             in language  on input line 193.
Package babel Info: Redefining spanish shorthand "!
(babel)             in language  on input line 193.
Package babel Info: Redefining spanish shorthand "?
(babel)             in language  on input line 193.
Package babel Info: Redefining spanish shorthand <<
(babel)             in language  on input line 193.
Package babel Info: Redefining spanish shorthand >>
(babel)             in language  on input line 193.
Package babel Info: Redefining spanish shorthand "=
(babel)             in language  on input line 193.
Package babel Info: Redefining spanish shorthand "~
(babel)             in language  on input line 193.
Package babel Info: Redefining spanish shorthand "!
(babel)             in language  on input line 193.
Package babel Info: Redefining spanish shorthand "?
(babel)             in language  on input line 193.
[10 <./pol.png (PNG copy)>]
<BStar.png, id=87, 1156.32pt x 650.43pt>
File: BStar.png Graphic file (type png)
<use BStar.png>
Package pdftex.def Info: BStar.png  used on input line 195.
(pdftex.def)             Requested size: 462.5198pt x 260.16739pt.

Overfull \hbox (35.08827pt too wide) in paragraph at lines 195--196
[][] 
 []

<Jupiter.png, id=88, 1156.32pt x 650.43pt>
File: Jupiter.png Graphic file (type png)
<use Jupiter.png>
Package pdftex.def Info: Jupiter.png  used on input line 198.
(pdftex.def)             Requested size: 462.5198pt x 260.16739pt.

Overfull \hbox (35.08827pt too wide) in paragraph at lines 198--199
[][] 
 []

<pleyades.png, id=89, 1156.32pt x 650.43pt>
File: pleyades.png Graphic file (type png)
<use pleyades.png>
Package pdftex.def Info: pleyades.png  used on input line 202.
(pdftex.def)             Requested size: 462.5198pt x 260.16739pt.

Overfull \hbox (35.08827pt too wide) in paragraph at lines 202--203
[][] 
 []

Package atveryend Info: Empty hook `BeforeClearDocument' on input line 205.
Package babel Info: Redefining spanish shorthand <<
(babel)             in language  on input line 205.
Package babel Info: Redefining spanish shorthand >>
(babel)             in language  on input line 205.
Package babel Info: Redefining spanish shorthand "=
(babel)             in language  on input line 205.
Package babel Info: Redefining spanish shorthand "~
(babel)             in language  on input line 205.
Package babel Info: Redefining spanish shorthand "!
(babel)             in language  on input line 205.
Package babel Info: Redefining spanish shorthand "?
(babel)             in language  on input line 205.
Package babel Info: Redefining spanish shorthand <<
(babel)             in language  on input line 205.
Package babel Info: Redefining spanish shorthand >>
(babel)             in language  on input line 205.
Package babel Info: Redefining spanish shorthand "=
(babel)             in language  on input line 205.
Package babel Info: Redefining spanish shorthand "~
(babel)             in language  on input line 205.
Package babel Info: Redefining spanish shorthand "!
(babel)             in language  on input line 205.
Package babel Info: Redefining spanish shorthand "?
(babel)             in language  on input line 205.
[11 <./M31.png (PNG copy)> <./M51.png (PNG copy)>]
Package babel Info: Redefining spanish shorthand <<
(babel)             in language  on input line 205.
Package babel Info: Redefining spanish shorthand >>
(babel)             in language  on input line 205.
Package babel Info: Redefining spanish shorthand "=
(babel)             in language  on input line 205.
Package babel Info: Redefining spanish shorthand "~
(babel)             in language  on input line 205.
Package babel Info: Redefining spanish shorthand "!
(babel)             in language  on input line 205.
Package babel Info: Redefining spanish shorthand "?
(babel)             in language  on input line 205.
Package babel Info: Redefining spanish shorthand <<
(babel)             in language  on input line 205.
Package babel Info: Redefining spanish shorthand >>
(babel)             in language  on input line 205.
Package babel Info: Redefining spanish shorthand "=
(babel)             in language  on input line 205.
Package babel Info: Redefining spanish shorthand "~
(babel)             in language  on input line 205.
Package babel Info: Redefining spanish shorthand "!
(babel)             in language  on input line 205.
Package babel Info: Redefining spanish shorthand "?
(babel)             in language  on input line 205.
 [12 <./BStar.png (PNG copy)> <./Jupiter.png (PNG copy)>]
Package babel Info: Redefining spanish shorthand <<
(babel)             in language  on input line 205.
Package babel Info: Redefining spanish shorthand >>
(babel)             in language  on input line 205.
Package babel Info: Redefining spanish shorthand "=
(babel)             in language  on input line 205.
Package babel Info: Redefining spanish shorthand "~
(babel)             in language  on input line 205.
Package babel Info: Redefining spanish shorthand "!
(babel)             in language  on input line 205.
Package babel Info: Redefining spanish shorthand "?
(babel)             in language  on input line 205.
Package babel Info: Redefining spanish shorthand <<
(babel)             in language  on input line 205.
Package babel Info: Redefining spanish shorthand >>
(babel)             in language  on input line 205.
Package babel Info: Redefining spanish shorthand "=
(babel)             in language  on input line 205.
Package babel Info: Redefining spanish shorthand "~
(babel)             in language  on input line 205.
Package babel Info: Redefining spanish shorthand "!
(babel)             in language  on input line 205.
Package babel Info: Redefining spanish shorthand "?
(babel)             in language  on input line 205.
 [13 <./pleyades.png (PNG copy)>]
Package atveryend Info: Empty hook `AfterLastShipout' on input line 205.
 (AG_1.aux
LaTeX Info: Redefining \. on input line 24.
LaTeX Info: Redefining \% on input line 24.
)
Package atveryend Info: Executing hook `AtVeryEndDocument' on input line 205.
Package atveryend Info: Executing hook `AtEndAfterFileList' on input line 205.
Package rerunfilecheck Info: File `AG_1.out' has not changed.
(rerunfilecheck)             Checksum: D41D8CD98F00B204E9800998ECF8427E;0.


LaTeX Font Warning: Size substitutions with differences
(Font)              up to 0.85994pt have occurred.

Package atveryend Info: Empty hook `AtVeryVeryEnd' on input line 205.
 ) 
Here is how much of TeX's memory you used:
 9645 strings out of 492973
 149053 string characters out of 3126691
 271566 words of memory out of 3000000
 13305 multiletter control sequences out of 15000+200000
 18048 words of font info for 69 fonts, out of 3000000 for 9000
 1141 hyphenation exceptions out of 8191
 49i,10n,53p,761b,494s stack positions out of 5000i,500n,10000p,200000b,50000s
<C:/Users/ivanp/AppData/Local/Programs/MiKTeX 2.9/fonts/type1/public/amsfonts
/cm/cmbx12.pfb><C:/Users/ivanp/AppData/Local/Programs/MiKTeX 2.9/fonts/type1/pu
blic/amsfonts/cm/cmmi12.pfb><C:/Users/ivanp/AppData/Local/Programs/MiKTeX 2.9/f
onts/type1/public/amsfonts/cm/cmr12.pfb><C:/Users/ivanp/AppData/Local/Programs/
MiKTeX 2.9/fonts/type1/public/amsfonts/cm/cmr17.pfb><C:/Users/ivanp/AppData/Loc
al/Programs/MiKTeX 2.9/fonts/type1/public/amsfonts/cm/cmsy8.pfb>
Output written on AG_1.pdf (14 pages, 13697843 bytes).
PDF statistics:
 130 PDF objects out of 1000 (max. 8388607)
 29 named destinations out of 1000 (max. 500000)
 111 words of extra memory for PDF output out of 10000 (max. 10000000)

